Crash log created at 2025-04-08 10:03:51 -0400

===== MESSAGE:

TTY::Command::ExitError: Running `git push https://github.com/rye-m/rye-m.github.io.git gh-pages` failed with
  exit status: 1
  stdout: Nothing written
  stderr: error: RPC failed; HTTP 400 curl 22 The requested URL returned error: 400
send-pack: unexpected disconnect while reading sideband packet
fatal: the remote end hung up unexpectedly
Everything up-to-date

/Users/ryem/.gem/ruby/3.3.5/gems/tty-command-0.10.1/lib/tty/command.rb:106:in `run': Running `git push https://github.com/rye-m/rye-m.github.io.git gh-pages` failed with (TTY::Command::ExitError)
  exit status: 1
  stdout: Nothing written
  stderr: error: RPC failed; HTTP 400 curl 22 The requested URL returned error: 400
send-pack: unexpected disconnect while reading sideband packet
fatal: the remote end hung up unexpectedly
Everything up-to-date

	from /Users/ryem/.gem/ruby/3.3.5/gems/nanoc-deploying-1.0.2/lib/nanoc/deploying/deployers/git.rb:105:in `run_cmd'
	from /Users/ryem/.gem/ruby/3.3.5/gems/nanoc-deploying-1.0.2/lib/nanoc/deploying/deployers/git.rb:109:in `run_cmd_unless_dry'
	from /Users/ryem/.gem/ruby/3.3.5/gems/nanoc-deploying-1.0.2/lib/nanoc/deploying/deployers/git.rb:93:in `block in run'
	from /Users/ryem/.gem/ruby/3.3.5/gems/nanoc-deploying-1.0.2/lib/nanoc/deploying/deployers/git.rb:60:in `chdir'
	from /Users/ryem/.gem/ruby/3.3.5/gems/nanoc-deploying-1.0.2/lib/nanoc/deploying/deployers/git.rb:60:in `run'
	from /Users/ryem/.gem/ruby/3.3.5/gems/nanoc-deploying-1.0.2/lib/nanoc/deploying/command_runners/deploy.rb:48:in `deploy'
	from /Users/ryem/.gem/ruby/3.3.5/gems/nanoc-deploying-1.0.2/lib/nanoc/deploying/command_runners/deploy.rb:16:in `run'
	from /Users/ryem/.gem/ruby/3.3.5/gems/nanoc-cli-4.13.3/lib/nanoc/cli/command_runner.rb:15:in `block in call'
	from /Users/ryem/.gem/ruby/3.3.5/gems/nanoc-cli-4.13.3/lib/nanoc/cli/error_handler.rb:57:in `handle_while'
	from /Users/ryem/.gem/ruby/3.3.5/gems/nanoc-cli-4.13.3/lib/nanoc/cli/error_handler.rb:15:in `handle_while'
	from /Users/ryem/.gem/ruby/3.3.5/gems/nanoc-cli-4.13.3/lib/nanoc/cli/command_runner.rb:14:in `call'
	from /Users/ryem/.gem/ruby/3.3.5/gems/cri-2.15.12/lib/cri/command_dsl.rb:294:in `block in runner'
	from /Users/ryem/.gem/ruby/3.3.5/gems/cri-2.15.12/lib/cri/command.rb:362:in `run_this'
	from /Users/ryem/.gem/ruby/3.3.5/gems/cri-2.15.12/lib/cri/command.rb:298:in `run'
	from /Users/ryem/.gem/ruby/3.3.5/gems/cri-2.15.12/lib/cri/command.rb:316:in `run'
	from /Users/ryem/.gem/ruby/3.3.5/gems/nanoc-cli-4.13.3/lib/nanoc/cli.rb:88:in `block in run'
	from /Users/ryem/.gem/ruby/3.3.5/gems/nanoc-cli-4.13.3/lib/nanoc/cli/error_handler.rb:57:in `handle_while'
	from /Users/ryem/.gem/ruby/3.3.5/gems/nanoc-cli-4.13.3/lib/nanoc/cli/error_handler.rb:15:in `handle_while'
	from /Users/ryem/.gem/ruby/3.3.5/gems/nanoc-cli-4.13.3/lib/nanoc/cli.rb:86:in `run'
	from /Users/ryem/.gem/ruby/3.3.5/gems/nanoc-4.13.3/bin/nanoc:18:in `<top (required)>'
	from /Users/ryem/.gem/ruby/3.3.5/bin/nanoc:25:in `load'
	from /Users/ryem/.gem/ruby/3.3.5/bin/nanoc:25:in `<top (required)>'
	from /Users/ryem/.rubies/ruby-3.3.5/lib/ruby/3.3.0/bundler/cli/exec.rb:58:in `load'
	from /Users/ryem/.rubies/ruby-3.3.5/lib/ruby/3.3.0/bundler/cli/exec.rb:58:in `kernel_load'
	from /Users/ryem/.rubies/ruby-3.3.5/lib/ruby/3.3.0/bundler/cli/exec.rb:23:in `run'
	from /Users/ryem/.rubies/ruby-3.3.5/lib/ruby/3.3.0/bundler/cli.rb:455:in `exec'
	from /Users/ryem/.rubies/ruby-3.3.5/lib/ruby/3.3.0/bundler/vendor/thor/lib/thor/command.rb:28:in `run'
	from /Users/ryem/.rubies/ruby-3.3.5/lib/ruby/3.3.0/bundler/vendor/thor/lib/thor/invocation.rb:127:in `invoke_command'
	from /Users/ryem/.rubies/ruby-3.3.5/lib/ruby/3.3.0/bundler/vendor/thor/lib/thor.rb:527:in `dispatch'
	from /Users/ryem/.rubies/ruby-3.3.5/lib/ruby/3.3.0/bundler/cli.rb:35:in `dispatch'
	from /Users/ryem/.rubies/ruby-3.3.5/lib/ruby/3.3.0/bundler/vendor/thor/lib/thor/base.rb:584:in `start'
	from /Users/ryem/.rubies/ruby-3.3.5/lib/ruby/3.3.0/bundler/cli.rb:29:in `start'
	from /Users/ryem/.rubies/ruby-3.3.5/lib/ruby/gems/3.3.0/gems/bundler-2.5.16/exe/bundle:28:in `block in <top (required)>'
	from /Users/ryem/.rubies/ruby-3.3.5/lib/ruby/3.3.0/bundler/friendly_errors.rb:117:in `with_friendly_errors'
	from /Users/ryem/.rubies/ruby-3.3.5/lib/ruby/gems/3.3.0/gems/bundler-2.5.16/exe/bundle:20:in `<top (required)>'
	from /Users/ryem/.rubies/ruby-3.3.5/bin/bundle:25:in `load'
	from /Users/ryem/.rubies/ruby-3.3.5/bin/bundle:25:in `<main>'

===== STACK TRACE:

  0. /Users/ryem/.gem/ruby/3.3.5/gems/tty-command-0.10.1/lib/tty/command.rb:106:in `run'
  1. /Users/ryem/.gem/ruby/3.3.5/gems/nanoc-deploying-1.0.2/lib/nanoc/deploying/deployers/git.rb:105:in `run_cmd'
  2. /Users/ryem/.gem/ruby/3.3.5/gems/nanoc-deploying-1.0.2/lib/nanoc/deploying/deployers/git.rb:109:in `run_cmd_unless_dry'
  3. /Users/ryem/.gem/ruby/3.3.5/gems/nanoc-deploying-1.0.2/lib/nanoc/deploying/deployers/git.rb:93:in `block in run'
  4. /Users/ryem/.gem/ruby/3.3.5/gems/nanoc-deploying-1.0.2/lib/nanoc/deploying/deployers/git.rb:60:in `chdir'
  5. /Users/ryem/.gem/ruby/3.3.5/gems/nanoc-deploying-1.0.2/lib/nanoc/deploying/deployers/git.rb:60:in `run'
  6. /Users/ryem/.gem/ruby/3.3.5/gems/nanoc-deploying-1.0.2/lib/nanoc/deploying/command_runners/deploy.rb:48:in `deploy'
  7. /Users/ryem/.gem/ruby/3.3.5/gems/nanoc-deploying-1.0.2/lib/nanoc/deploying/command_runners/deploy.rb:16:in `run'
  8. /Users/ryem/.gem/ruby/3.3.5/gems/nanoc-cli-4.13.3/lib/nanoc/cli/command_runner.rb:15:in `block in call'
  9. /Users/ryem/.gem/ruby/3.3.5/gems/nanoc-cli-4.13.3/lib/nanoc/cli/error_handler.rb:57:in `handle_while'
  10. /Users/ryem/.gem/ruby/3.3.5/gems/nanoc-cli-4.13.3/lib/nanoc/cli/error_handler.rb:15:in `handle_while'
  11. /Users/ryem/.gem/ruby/3.3.5/gems/nanoc-cli-4.13.3/lib/nanoc/cli/command_runner.rb:14:in `call'
  12. /Users/ryem/.gem/ruby/3.3.5/gems/cri-2.15.12/lib/cri/command_dsl.rb:294:in `block in runner'
  13. /Users/ryem/.gem/ruby/3.3.5/gems/cri-2.15.12/lib/cri/command.rb:362:in `run_this'
  14. /Users/ryem/.gem/ruby/3.3.5/gems/cri-2.15.12/lib/cri/command.rb:298:in `run'
  15. /Users/ryem/.gem/ruby/3.3.5/gems/cri-2.15.12/lib/cri/command.rb:316:in `run'
  16. /Users/ryem/.gem/ruby/3.3.5/gems/nanoc-cli-4.13.3/lib/nanoc/cli.rb:88:in `block in run'
  17. /Users/ryem/.gem/ruby/3.3.5/gems/nanoc-cli-4.13.3/lib/nanoc/cli/error_handler.rb:57:in `handle_while'
  18. /Users/ryem/.gem/ruby/3.3.5/gems/nanoc-cli-4.13.3/lib/nanoc/cli/error_handler.rb:15:in `handle_while'
  19. /Users/ryem/.gem/ruby/3.3.5/gems/nanoc-cli-4.13.3/lib/nanoc/cli.rb:86:in `run'
  20. /Users/ryem/.gem/ruby/3.3.5/gems/nanoc-4.13.3/bin/nanoc:18:in `<top (required)>'
  21. /Users/ryem/.gem/ruby/3.3.5/bin/nanoc:25:in `load'
  22. /Users/ryem/.gem/ruby/3.3.5/bin/nanoc:25:in `<top (required)>'
  23. /Users/ryem/.rubies/ruby-3.3.5/lib/ruby/3.3.0/bundler/cli/exec.rb:58:in `load'
  24. /Users/ryem/.rubies/ruby-3.3.5/lib/ruby/3.3.0/bundler/cli/exec.rb:58:in `kernel_load'
  25. /Users/ryem/.rubies/ruby-3.3.5/lib/ruby/3.3.0/bundler/cli/exec.rb:23:in `run'
  26. /Users/ryem/.rubies/ruby-3.3.5/lib/ruby/3.3.0/bundler/cli.rb:455:in `exec'
  27. /Users/ryem/.rubies/ruby-3.3.5/lib/ruby/3.3.0/bundler/vendor/thor/lib/thor/command.rb:28:in `run'
  28. /Users/ryem/.rubies/ruby-3.3.5/lib/ruby/3.3.0/bundler/vendor/thor/lib/thor/invocation.rb:127:in `invoke_command'
  29. /Users/ryem/.rubies/ruby-3.3.5/lib/ruby/3.3.0/bundler/vendor/thor/lib/thor.rb:527:in `dispatch'
  30. /Users/ryem/.rubies/ruby-3.3.5/lib/ruby/3.3.0/bundler/cli.rb:35:in `dispatch'
  31. /Users/ryem/.rubies/ruby-3.3.5/lib/ruby/3.3.0/bundler/vendor/thor/lib/thor/base.rb:584:in `start'
  32. /Users/ryem/.rubies/ruby-3.3.5/lib/ruby/3.3.0/bundler/cli.rb:29:in `start'
  33. /Users/ryem/.rubies/ruby-3.3.5/lib/ruby/gems/3.3.0/gems/bundler-2.5.16/exe/bundle:28:in `block in <top (required)>'
  34. /Users/ryem/.rubies/ruby-3.3.5/lib/ruby/3.3.0/bundler/friendly_errors.rb:117:in `with_friendly_errors'
  35. /Users/ryem/.rubies/ruby-3.3.5/lib/ruby/gems/3.3.0/gems/bundler-2.5.16/exe/bundle:20:in `<top (required)>'
  36. /Users/ryem/.rubies/ruby-3.3.5/bin/bundle:25:in `load'

===== VERSION INFORMATION:

Nanoc 4.13.3 © 2007–… Denis Defreyne.
Running ruby 3.3.5 (2024-09-03) on arm64-darwin23 with RubyGems 3.5.16.

===== SYSTEM INFORMATION:

Darwin Ryes-MBP.lan 23.6.0 Darwin Kernel Version 23.6.0: Mon Jul 29 21:14:30 PDT 2024; root:xnu-10063.141.2~1/RELEASE_ARM64_T6030 arm64

===== INSTALLED GEMS:

  abbrev 0.1.2
  activesupport 8.0.1
  addressable 2.8.7
  adsf 1.5.2
  base64 0.2.0
  benchmark 0.3.0, 0.4.0
  bigdecimal 3.1.5, 3.1.8
  bundler 2.5.16
  cgi 0.4.1
  coderay 1.1.3
  coffee-script 2.4.1
  coffee-script-source 1.12.2
  colorator 1.1.0
  colored 1.2
  commonmarker 0.23.11
  concurrent-ruby 1.3.4
  connection_pool 2.4.1
  cri 2.15.12
  csv 3.2.8, 3.3.0
  date 3.3.4
  ddmetrics 1.1.0
  ddplugin 1.0.3
  debug 1.9.1
  delegate 0.3.1
  did_you_mean 1.6.3
  diff-lcs 1.5.1
  digest 3.1.1
  dnsruby 1.72.3
  drb 2.2.0, 2.2.1
  em-websocket 0.5.3
  english 0.8.0
  erb 4.0.3
  error_highlight 0.6.0
  etc 1.4.3
  ethon 0.16.0
  eventmachine 1.2.7
  execjs 2.10.0
  faraday 2.12.2
  faraday-net_http 3.4.0
  fcntl 1.1.0
  ffi 1.17.0
  fiddle 1.1.2
  fileutils 1.7.2
  find 0.2.0
  forwardable 1.3.3
  forwardable-extended 2.6.0
  gemoji 4.1.0
  getoptlong 0.2.1
  github-pages 232
  github-pages-health-check 1.18.2
  google-protobuf 4.29.1
  html-pipeline 2.14.3
  http_parser.rb 0.8.0
  i18n 1.14.6
  immutable-ruby 0.2.0
  io-console 0.7.1
  io-nonblock 0.3.0
  io-wait 0.3.1
  ipaddr 1.2.6
  irb 1.13.1
  jekyll 3.10.0, 4.3.4
  jekyll-avatar 0.8.0
  jekyll-coffeescript 1.2.2
  jekyll-commonmark 1.4.0
  jekyll-commonmark-ghpages 0.5.1
  jekyll-default-layout 0.1.5
  jekyll-feed 0.17.0
  jekyll-gist 1.5.0
  jekyll-github-metadata 2.16.1
  jekyll-include-cache 0.2.1
  jekyll-mentions 1.6.0
  jekyll-optional-front-matter 0.3.2
  jekyll-paginate 1.1.0
  jekyll-readme-index 0.3.0
  jekyll-redirect-from 0.16.0
  jekyll-relative-links 0.6.1
  jekyll-remote-theme 0.4.3
  jekyll-sass-converter 1.5.2, 3.0.0
  jekyll-seo-tag 2.8.0
  jekyll-sitemap 1.4.0
  jekyll-swiss 1.0.0
  jekyll-theme-architect 0.2.0
  jekyll-theme-cayman 0.2.0
  jekyll-theme-dinky 0.2.0
  jekyll-theme-hacker 0.2.0
  jekyll-theme-leap-day 0.2.0
  jekyll-theme-merlot 0.2.0
  jekyll-theme-midnight 0.2.0
  jekyll-theme-minimal 0.2.0
  jekyll-theme-modernist 0.2.0
  jekyll-theme-primer 0.6.0
  jekyll-theme-slate 0.2.0
  jekyll-theme-tactile 0.2.0
  jekyll-theme-time-machine 0.2.0
  jekyll-titles-from-headings 0.5.3
  jekyll-watch 2.2.1
  jemoji 0.13.0
  json 2.7.1, 2.9.0
  json_schema 0.21.0
  kramdown 2.4.0, 2.5.1
  kramdown-parser-gfm 1.1.0
  liquid 4.0.4
  listen 3.9.0
  logger 1.6.0, 1.6.3
  matrix 0.4.2
  memo_wise 1.10.0
  mercenary 0.3.6, 0.4.0
  method_source 1.1.0
  minima 2.5.1, 2.5.2
  minitest 5.20.0, 5.25.4
  mutex_m 0.2.0
  nanoc 4.13.3
  nanoc-checking 1.0.5
  nanoc-cli 4.13.3
  nanoc-core 4.13.3
  nanoc-deploying 1.0.2
  net-ftp 0.3.4
  net-http 0.4.1, 0.6.0
  net-imap 0.4.9.1
  net-pop 0.1.2
  net-protocol 0.2.2
  net-smtp 0.4.0.1
  nkf 0.1.3
  nokogiri 1.17.2
  observer 0.1.2
  octokit 4.25.1
  open-uri 0.4.1
  open3 0.2.1
  openssl 3.2.0
  optparse 0.4.0
  ostruct 0.6.0
  parallel 1.26.3
  pastel 0.8.0
  pathname 0.3.0
  pathutil 0.16.2
  power_assert 2.0.3
  pp 0.5.0
  prettyprint 0.2.0
  prime 0.1.2
  prism 0.19.0
  pry 0.15.2
  pstore 0.1.3
  psych 5.1.2
  public_suffix 5.1.1, 6.0.1
  racc 1.7.3, 1.8.1
  rack 3.1.11
  rackup 2.2.1
  rake 13.1.0, 13.2.1
  rb-fsevent 0.11.2
  rb-inotify 0.11.1
  rbs 3.4.0
  rbtree 0.4.6
  rdoc 6.6.3.1
  readline 0.0.4
  reline 0.5.7
  resolv 0.3.0
  resolv-replace 0.1.1
  rexml 3.3.6, 3.3.9
  rinda 0.2.0
  rouge 3.30.0, 4.5.1
  rss 0.3.1
  ruby2_keywords 0.0.5
  rubyzip 2.3.2
  safe_yaml 1.0.5
  sass 3.7.4
  sass-embedded 1.83.0
  sass-listen 4.0.0
  sawyer 0.9.2
  securerandom 0.3.1, 0.4.0
  set 1.1.0
  shellwords 0.2.0
  simpleidn 0.2.3
  singleton 0.2.0
  slim 5.2.1
  slow_enumerator_tools 1.1.0
  sorted_set 1.0.3
  stringio 3.1.1
  strscan 3.0.9
  syntax_suggest 2.0.0
  syslog 0.1.2
  tempfile 0.2.1
  temple 0.10.3
  terminal-table 1.8.0, 3.0.2
  test-unit 3.6.1
  tilt 2.6.0
  time 0.3.0
  timeout 0.4.1
  tmpdir 0.2.0
  tsort 0.2.0
  tty-color 0.6.0
  tty-command 0.10.1
  tty-platform 0.3.0
  tty-which 0.5.0
  typeprof 0.21.9
  typhoeus 1.4.1
  tzinfo 2.0.6
  un 0.3.0
  unicode-display_width 1.8.0, 2.6.0
  uri 0.13.1, 1.0.2
  weakref 0.1.3
  webrick 1.9.1
  yaml 0.3.0
  zeitwerk 2.7.1
  zlib 3.1.1

===== LOAD PATHS:

  0. /Users/ryem/.gem/ruby/3.3.5/gems/addressable-2.8.7/lib
  1. /Users/ryem/.gem/ruby/3.3.5/gems/colored-1.2/lib
  2. /Users/ryem/.gem/ruby/3.3.5/gems/cri-2.15.12/lib
  3. /Users/ryem/.gem/ruby/3.3.5/gems/diff-lcs-1.5.1/lib
  4. /Users/ryem/.gem/ruby/3.3.5/gems/concurrent-ruby-1.3.4/lib/concurrent-ruby
  5. /Users/ryem/.gem/ruby/3.3.5/gems/ddmetrics-1.1.0/lib
  6. /Users/ryem/.gem/ruby/3.3.5/gems/ddplugin-1.0.3/lib
  7. /Users/ryem/.gem/ruby/3.3.5/gems/rbtree-0.4.6/lib
  8. /Users/ryem/.gem/ruby/3.3.5/extensions/arm64-darwin-23/3.3.0-static/rbtree-0.4.6
  9. /Users/ryem/.gem/ruby/3.3.5/gems/sorted_set-1.0.3/lib
  10. /Users/ryem/.gem/ruby/3.3.5/gems/immutable-ruby-0.2.0/lib
  11. /Users/ryem/.gem/ruby/3.3.5/gems/json_schema-0.21.0/lib
  12. /Users/ryem/.gem/ruby/3.3.5/gems/memo_wise-1.10.0/lib
  13. /Users/ryem/.gem/ruby/3.3.5/gems/slow_enumerator_tools-1.1.0/lib
  14. /Users/ryem/.gem/ruby/3.3.5/gems/tty-platform-0.3.0/lib
  15. /Users/ryem/.gem/ruby/3.3.5/gems/zeitwerk-2.7.1/lib
  16. /Users/ryem/.gem/ruby/3.3.5/gems/nanoc-core-4.13.3/lib
  17. /Users/ryem/.gem/ruby/3.3.5/gems/coderay-1.1.3/lib
  18. /Users/ryem/.gem/ruby/3.3.5/gems/method_source-1.1.0/lib
  19. /Users/ryem/.gem/ruby/3.3.5/gems/pry-0.15.2/lib
  20. /Users/ryem/.gem/ruby/3.3.5/gems/nanoc-cli-4.13.3/lib
  21. /Users/ryem/.gem/ruby/3.3.5/gems/nanoc-checking-1.0.5/lib
  22. /Users/ryem/.gem/ruby/3.3.5/gems/nanoc-deploying-1.0.2/lib
  23. /Users/ryem/.gem/ruby/3.3.5/gems/parallel-1.26.3/lib
  24. /Users/ryem/.gem/ruby/3.3.5/gems/tty-color-0.6.0/lib
  25. /Users/ryem/.gem/ruby/3.3.5/gems/pastel-0.8.0/lib
  26. /Users/ryem/.gem/ruby/3.3.5/gems/tty-command-0.10.1/lib
  27. /Users/ryem/.gem/ruby/3.3.5/gems/tty-which-0.5.0/lib
  28. /Users/ryem/.gem/ruby/3.3.5/gems/nanoc-4.13.3/lib
  29. /Users/ryem/.gem/ruby/3.3.5/gems/public_suffix-6.0.1/lib
  30. /Users/ryem/.gem/ruby/3.3.5/gems/json-2.9.0/lib
  31. /Users/ryem/.gem/ruby/3.3.5/extensions/arm64-darwin-23/3.3.0-static/json-2.9.0
  32. /Users/ryem/.gem/ruby/3.3.5/gems/logger-1.6.3/lib
  33. /Users/ryem/.gem/ruby/3.3.5/gems/net-http-0.6.0/lib
  34. /Users/ryem/.gem/ruby/3.3.5/gems/uri-1.0.2/lib
  35. /Users/ryem/.gem/ruby/3.3.5/gems/securerandom-0.4.0/lib
  36. /Users/ryem/.rubies/ruby-3.3.5/lib/ruby/site_ruby/3.3.0
  37. /Users/ryem/.rubies/ruby-3.3.5/lib/ruby/site_ruby/3.3.0/arm64-darwin23
  38. /Users/ryem/.rubies/ruby-3.3.5/lib/ruby/site_ruby
  39. /Users/ryem/.rubies/ruby-3.3.5/lib/ruby/vendor_ruby/3.3.0
  40. /Users/ryem/.rubies/ruby-3.3.5/lib/ruby/vendor_ruby/3.3.0/arm64-darwin23
  41. /Users/ryem/.rubies/ruby-3.3.5/lib/ruby/vendor_ruby
  42. /Users/ryem/.rubies/ruby-3.3.5/lib/ruby/3.3.0
  43. /Users/ryem/.rubies/ruby-3.3.5/lib/ruby/3.3.0/arm64-darwin23
